<?xml version="1.0" encoding="UTF-8"?>
<testng-results ignored="0" total="1" passed="1" failed="0" skipped="0">
  <reporter-output>
  </reporter-output>
  <suite started-at="2025-03-25T22:59:58 IST" name="Default suite" finished-at="2025-03-25T23:00:19 IST" duration-ms="20619">
    <groups>
    </groups>
    <test started-at="2025-03-25T22:59:58 IST" name="Default test" finished-at="2025-03-25T23:00:19 IST" duration-ms="20619">
      <class name="cinepolisTest.AddFoodToCartTest">
        <test-method is-config="true" signature="presetUp()[pri:0, instance:cinepolisTest.AddFoodToCartTest@3f191845]" started-at="2025-03-25T22:59:58 IST" name="presetUp" finished-at="2025-03-25T22:59:58 IST" duration-ms="51" status="PASS">
          <reporter-output>
          </reporter-output>
        </test-method> <!-- presetUp -->
        <test-method is-config="true" signature="initializer()[pri:0, instance:cinepolisTest.AddFoodToCartTest@3f191845]" started-at="2025-03-25T22:59:59 IST" name="initializer" finished-at="2025-03-25T23:00:08 IST" duration-ms="9351" status="PASS">
          <reporter-output>
          </reporter-output>
        </test-method> <!-- initializer -->
        <test-method signature="verifyaddingFoodtoCart()[pri:0, instance:cinepolisTest.AddFoodToCartTest@3f191845]" started-at="2025-03-25T23:00:08 IST" name="verifyaddingFoodtoCart" finished-at="2025-03-25T23:00:17 IST" duration-ms="9557" status="PASS">
          <reporter-output>
          </reporter-output>
        </test-method> <!-- verifyaddingFoodtoCart -->
        <test-method is-config="true" signature="tearDown()[pri:0, instance:cinepolisTest.AddFoodToCartTest@3f191845]" started-at="2025-03-25T23:00:17 IST" name="tearDown" finished-at="2025-03-25T23:00:19 IST" duration-ms="1579" status="PASS">
          <reporter-output>
          </reporter-output>
        </test-method> <!-- tearDown -->
      </class> <!-- cinepolisTest.AddFoodToCartTest -->
    </test> <!-- Default test -->
  </suite> <!-- Default suite -->
</testng-results>
